-------------------------------------------------------------------------------
Test set: com.tju.elmboot.ElmbootApplicationTests
-------------------------------------------------------------------------------
<<<<<<< HEAD
Tests run: 1, Failures: 0, Errors: 0, Skipped: 0, Time elapsed: 2.379 s - in com.tju.elmboot.ElmbootApplicationTests
=======
<<<<<<< HEAD
Tests run: 1, Failures: 0, Errors: 0, Skipped: 0, Time elapsed: 3.031 s - in com.tju.elmboot.ElmbootApplicationTests
=======
Tests run: 1, Failures: 0, Errors: 0, Skipped: 0, Time elapsed: 4.701 s - in com.tju.elmboot.ElmbootApplicationTests
>>>>>>> 23c589241d24443d080c748b078cc022da15f43b
>>>>>>> refs/remotes/origin/master
